AV 4039: 0.182151849 sec 
AV 4040: 0.165602194 sec 
AV 4041: 0.191201188 sec 
AV 4042: 0.175464888 sec 
AV 4043: 0.166141857 sec 
AV 4044: 0.166519773 sec 
AV 4045: 0.176612544 sec 
AV 4046: 0.178427891 sec 
AV 4047: 0.167389592 sec 
AV 4048: 0.189159194 sec 
Add Vertex average time : 0.17586709699999997

AE 4039 100: 1.84E-6 sec 
AE 4039 300: 1.161E-6 sec 
AE 4039 1405: 7.09E-7 sec 
AE 4039 1500: 5.62E-7 sec 
AE 4040 188: 5.14E-7 sec 
AE 4040 280: 6.47E-7 sec 
AE 4040 150: 5.08E-7 sec 
AE 4040 320: 6.23E-7 sec 
AE 4042 4040: 7.68E-7 sec 
AE 4041 1864: 5.93E-7 sec 
Add Edge average time : 7.924999999999999E-7

N 100: 0.004034691 sec 
N 500: 0.005846707 sec 
N 600: 0.002456797 sec 
N 700: 0.001006354 sec 
N 1300: 0.003073234 sec 
N 450: 0.001540842 sec 
N 900: 0.003193396 sec 
N 345: 0.001665209 sec 
N 650: 0.002241966 sec 
N 444: 0.002323278 sec 
neighbour average time : 0.0027382474

S 4039 4040: 0.180373605 sec 
S 1300 100: 0.741881691 sec 
S 450 650: 0.702140822 sec 
S 60 1243: 0.288776257 sec 
S 111 55: 0.011988309 sec 
S 123 542: 0.829869644 sec 
S 505 232: 0.762328516 sec 
S 222 1299: 0.345932547 sec 
S 773 1100: 0.663778969 sec 
S 1000 20: 0.670610815 sec 
shortest path average time : 0.5197681175

RV 4039: 0.061545065 sec 
RV 4040: 0.055764672 sec 
RV 4041: 0.028823599 sec 
RV 4042: 0.0436299 sec 
RV 4043: 0.049549692 sec 
RV 4044: 0.043610252 sec 
RV 4045: 0.058950455 sec 
RV 4046: 0.044362855 sec 
RV 4047: 0.029204305 sec 
RV 4048: 0.045658133 sec 
remove Vertex average time : 0.046109892799999996

RE 4039 100: 1.5096E-5 sec 
RE 4039 300: 2.101E-6 sec 
RE 4039 1405: 9.33E-7 sec 
RE 4039 1500: 9.7E-7 sec 
RE 4040 188: 9.25E-7 sec 
RE 4040 280: 1.018E-6 sec 
RE 4040 150: 1.052E-6 sec 
RE 4040 320: 9.54E-7 sec 
RE 4042 4040: 9.62E-7 sec 
RE 4041 1864: 1.029E-6 sec 
remove edge average time : 2.5039999999999997E-6

