AV 4039: 0.05230051 sec 
AV 4040: 0.037634909 sec 
AV 4041: 0.040620832 sec 
AV 4042: 0.064085851 sec 
AV 4043: 0.038344999 sec 
AV 4044: 0.04978515 sec 
AV 4045: 0.053260865 sec 
AV 4046: 0.057105989 sec 
AV 4047: 0.052175967 sec 
AV 4048: 0.045882283 sec 
Add Vertex average time : 0.049119735500000004

AE 4039 100: 0.041129394 sec 
AE 4039 300: 0.065730925 sec 
AE 4039 1405: 0.040390692 sec 
AE 4039 1500: 0.040963014 sec 
AE 4040 188: 0.039698783 sec 
AE 4040 280: 0.04063794 sec 
AE 4040 150: 0.041943494 sec 
AE 4040 320: 0.043359129 sec 
AE 4042 4040: 0.040220886 sec 
AE 4041 1864: 0.066978162 sec 
Add Edge average time : 0.046105241899999996

N 100: 0.026372635 sec 
N 500: 0.150317916 sec 
N 600: 0.048838672 sec 
N 700: 0.008433615 sec 
N 1300: 0.03667227 sec 
N 450: 0.025466019 sec 
N 900: 0.015098778 sec 
N 345: 0.019095066 sec 
N 650: 0.025514989 sec 
N 444: 0.056726831 sec 
neighbour average time : 0.041253679099999996

S 4039 4040: 10.241798122 sec 
S 1300 100: 58.49259704 sec 
S 450 650: 59.943246925 sec 
S 60 1243: 30.621601747 sec 
S 111 55: 1.607869498 sec 
S 123 542: 58.86413049 sec 
S 505 232: 59.187988189 sec 
S 222 1299: 34.045966669 sec 
S 773 1100: 24.628549456 sec 
S 1000 20: 46.559106686 sec 
shortest path average time : 38.419285482199996

RV 4039: 3.084842921 sec 
RV 4040: 3.061517012 sec 
RV 4041: 3.031771246 sec 
RV 4042: 3.401219817 sec 
RV 4043: 3.395345023 sec 
RV 4044: 3.260668317 sec 
RV 4045: 3.194845294 sec 
RV 4046: 3.210550576 sec 
RV 4047: 3.398763118 sec 
RV 4048: 3.474749354 sec 
remove Vertex average time : 3.2514272677999996

RE 4039 100: 0.085459313 sec 
RE 4039 300: 0.073142037 sec 
RE 4039 1405: 0.04851991 sec 
RE 4039 1500: 0.143776342 sec 
RE 4040 188: 0.084062548 sec 
RE 4040 280: 0.147478251 sec 
RE 4040 150: 0.063109275 sec 
RE 4040 320: 0.067055718 sec 
RE 4042 4040: 0.136319374 sec 
RE 4041 1864: 0.043795605 sec 
remove edge average time : 0.0892718373

