AV 4039: 0.047054905 sec 
AV 4040: 0.071262903 sec 
AV 4041: 0.039027919 sec 
AV 4042: 0.063070702 sec 
AV 4043: 0.067427262 sec 
AV 4044: 0.063469869 sec 
AV 4045: 0.085711923 sec 
AV 4046: 0.060477844 sec 
AV 4047: 0.039604907 sec 
AV 4048: 0.037716904 sec 
Add Vertex average time : 0.0574825138

AE 4039 100: 0.041224442 sec 
AE 4039 300: 0.091259347 sec 
AE 4039 1405: 0.044472991 sec 
AE 4039 1500: 0.039007081 sec 
AE 4040 188: 0.039078148 sec 
AE 4040 280: 0.092410894 sec 
AE 4040 150: 0.039517374 sec 
AE 4040 320: 0.039858313 sec 
AE 4042 4040: 0.03957182 sec 
AE 4041 1864: 0.072289807 sec 
Add Edge average time : 0.0538690217

N 100: 0.025228451 sec 
N 500: 0.10629797 sec 
N 600: 0.027256368 sec 
N 700: 0.009425565 sec 
N 1300: 0.038118264 sec 
N 450: 0.025729064 sec 
N 900: 0.016020323 sec 
N 345: 0.019595507 sec 
N 650: 0.024544339 sec 
N 444: 0.053676228 sec 
neighbour average time : 0.0345892079

S 4039 4040: 10.071251333 sec 
S 1300 100: 58.685874034 sec 
S 450 650: 62.600535918 sec 
S 60 1243: 33.83090206 sec 
S 111 55: 1.592874453 sec 
S 123 542: 58.487300949 sec 
S 505 232: 60.297120773 sec 
S 222 1299: 38.396463197 sec 
S 773 1100: 27.31189391 sec 
S 1000 20: 45.881191163 sec 
shortest path average time : 39.715540778999994

RV 4039: 3.247619687 sec 
RV 4040: 3.278800125 sec 
RV 4041: 3.274212676 sec 
RV 4042: 3.239619769 sec 
RV 4043: 3.203035554 sec 
RV 4044: 3.141302088 sec 
RV 4045: 3.11263315 sec 
RV 4046: 3.227462704 sec 
RV 4047: 3.343604328 sec 
RV 4048: 3.403140973 sec 
remove Vertex average time : 3.2471431054

RE 4039 100: 0.084966432 sec 
RE 4039 300: 0.066150621 sec 
RE 4039 1405: 0.112527892 sec 
RE 4039 1500: 0.095679979 sec 
RE 4040 188: 0.112200277 sec 
RE 4040 280: 0.131058877 sec 
RE 4040 150: 0.097763631 sec 
RE 4040 320: 0.093728263 sec 
RE 4042 4040: 0.133977009 sec 
RE 4041 1864: 0.075788385 sec 
remove edge average time : 0.1003841366

