AV 4039: 0.03279272 sec 
AV 4040: 0.035751581 sec 
AV 4041: 0.035638165 sec 
AV 4042: 0.030919065 sec 
AV 4043: 0.031036683 sec 
AV 4044: 0.031185597 sec 
AV 4045: 0.036315547 sec 
AV 4046: 0.031541577 sec 
AV 4047: 0.031354857 sec 
AV 4048: 0.031437981 sec 
Add Vertex average time : 0.0327973773

AE 4039 100: 1.416E-6 sec 
AE 4039 300: 1.387E-6 sec 
AE 4039 1405: 5.43E-7 sec 
AE 4039 1500: 4.34E-7 sec 
AE 4040 188: 4.84E-7 sec 
AE 4040 280: 4.57E-7 sec 
AE 4040 150: 4.58E-7 sec 
AE 4040 320: 4.68E-7 sec 
AE 4042 4040: 3.43E-7 sec 
AE 4041 1864: 5.84E-7 sec 
Add Edge average time : 6.574E-7

N 100: 0.002226828 sec 
N 500: 0.007393042 sec 
N 600: 8.24525E-4 sec 
N 700: 2.52488E-4 sec 
N 1300: 0.001499544 sec 
N 450: 0.001302675 sec 
N 900: 6.37692E-4 sec 
N 345: 7.25431E-4 sec 
N 650: 7.86706E-4 sec 
N 444: 0.002880802 sec 
neighbour average time : 0.0018529733

S 4039 4040: 0.070648311 sec 
S 1300 100: 0.210289826 sec 
S 450 650: 0.19260206 sec 
S 60 1243: 0.114859191 sec 
S 111 55: 0.005145212 sec 
S 123 542: 0.215345474 sec 
S 505 232: 0.212224068 sec 
S 222 1299: 0.127119549 sec 
S 773 1100: 0.092377731 sec 
S 1000 20: 0.170603993 sec 
shortest path average time : 0.14112154150000003

RV 4039: 0.016178752 sec 
RV 4040: 0.01430136 sec 
RV 4041: 0.007709959 sec 
RV 4042: 0.007814479 sec 
RV 4043: 0.007699482 sec 
RV 4044: 0.007667745 sec 
RV 4045: 0.007647746 sec 
RV 4046: 0.00801698 sec 
RV 4047: 0.007653318 sec 
RV 4048: 0.007673457 sec 
remove Vertex average time : 0.009236327800000001

RE 4039 100: 1.3298E-5 sec 
RE 4039 300: 1.446E-6 sec 
RE 4039 1405: 1.0E-6 sec 
RE 4039 1500: 9.5E-7 sec 
RE 4040 188: 1.127E-6 sec 
RE 4040 280: 9.69E-7 sec 
RE 4040 150: 8.65E-7 sec 
RE 4040 320: 1.081E-6 sec 
RE 4042 4040: 7.03E-7 sec 
RE 4041 1864: 7.97E-7 sec 
remove edge average time : 2.2235999999999998E-6

