AV 4039: 0.036651642 sec 
AV 4040: 0.031144628 sec 
AV 4041: 0.031408349 sec 
AV 4042: 0.033634718 sec 
AV 4043: 0.033112738 sec 
AV 4044: 0.031265774 sec 
AV 4045: 0.031054428 sec 
AV 4046: 0.03658376 sec 
AV 4047: 0.036729462 sec 
AV 4048: 0.031666375 sec 
Add Vertex average time : 0.0333251874

AE 4039 100: 2.208E-6 sec 
AE 4039 300: 2.069E-6 sec 
AE 4039 1405: 7.39E-7 sec 
AE 4039 1500: 6.14E-7 sec 
AE 4040 188: 6.97E-7 sec 
AE 4040 280: 6.26E-7 sec 
AE 4040 150: 6.74E-7 sec 
AE 4040 320: 4.14E-7 sec 
AE 4042 4040: 4.01E-7 sec 
AE 4041 1864: 4.99E-7 sec 
Add Edge average time : 8.941000000000002E-7

N 100: 0.001588731 sec 
N 500: 0.007226306 sec 
N 600: 8.02637E-4 sec 
N 700: 2.58454E-4 sec 
N 1300: 0.001552537 sec 
N 450: 0.001285204 sec 
N 900: 6.5554E-4 sec 
N 345: 7.36919E-4 sec 
N 650: 7.75477E-4 sec 
N 444: 0.00303549 sec 
neighbour average time : 0.0017917294999999999

S 4039 4040: 0.06444961 sec 
S 1300 100: 0.220179497 sec 
S 450 650: 0.201098456 sec 
S 60 1243: 0.113225686 sec 
S 111 55: 0.005270164 sec 
S 123 542: 0.236839365 sec 
S 505 232: 0.230202815 sec 
S 222 1299: 0.138626555 sec 
S 773 1100: 0.09245183 sec 
S 1000 20: 0.156217581 sec 
shortest path average time : 0.1458561559

RV 4039: 0.015877753 sec 
RV 4040: 0.014434007 sec 
RV 4041: 0.008416604 sec 
RV 4042: 0.008382501 sec 
RV 4043: 0.008327907 sec 
RV 4044: 0.00834229 sec 
RV 4045: 0.008306376 sec 
RV 4046: 0.008282269 sec 
RV 4047: 0.008298334 sec 
RV 4048: 0.008382123 sec 
remove Vertex average time : 0.0097050164

RE 4039 100: 1.2013E-5 sec 
RE 4039 300: 1.627E-6 sec 
RE 4039 1405: 9.36E-7 sec 
RE 4039 1500: 9.87E-7 sec 
RE 4040 188: 9.14E-7 sec 
RE 4040 280: 8.81E-7 sec 
RE 4040 150: 8.46E-7 sec 
RE 4040 320: 1.049E-6 sec 
RE 4042 4040: 7.98E-7 sec 
RE 4041 1864: 7.47E-7 sec 
remove edge average time : 2.0798E-6

