AV 4039: 0.041563376 sec 
AV 4040: 0.031093998 sec 
AV 4041: 0.033557308 sec 
AV 4042: 0.031040091 sec 
AV 4043: 0.033972254 sec 
AV 4044: 0.035806493 sec 
AV 4045: 0.034620881 sec 
AV 4046: 0.03227947 sec 
AV 4047: 0.031078482 sec 
AV 4048: 0.037748858 sec 
Add Vertex average time : 0.0342761211

AE 4039 100: 1.952E-6 sec 
AE 4039 300: 1.578E-6 sec 
AE 4039 1405: 9.23E-7 sec 
AE 4039 1500: 7.19E-7 sec 
AE 4040 188: 7.54E-7 sec 
AE 4040 280: 6.92E-7 sec 
AE 4040 150: 6.59E-7 sec 
AE 4040 320: 6.01E-7 sec 
AE 4042 4040: 8.03E-7 sec 
AE 4041 1864: 6.84E-7 sec 
Add Edge average time : 9.365000000000003E-7

N 100: 0.003010737 sec 
N 500: 0.007540852 sec 
N 600: 8.66091E-4 sec 
N 700: 2.70708E-4 sec 
N 1300: 0.001678201 sec 
N 450: 0.001360186 sec 
N 900: 6.94789E-4 sec 
N 345: 5.80222E-4 sec 
N 650: 5.25664E-4 sec 
N 444: 0.002060074 sec 
neighbour average time : 0.0018587523999999995

S 4039 4040: 0.070771676 sec 
S 1300 100: 0.221559395 sec 
S 450 650: 0.20229138 sec 
S 60 1243: 0.113009424 sec 
S 111 55: 0.005135137 sec 
S 123 542: 0.212640784 sec 
S 505 232: 0.209122903 sec 
S 222 1299: 0.120722312 sec 
S 773 1100: 0.093177219 sec 
S 1000 20: 0.16256375 sec 
shortest path average time : 0.14109939800000001

RV 4039: 0.01621418 sec 
RV 4040: 0.014299485 sec 
RV 4041: 0.008408061 sec 
RV 4042: 0.011056049 sec 
RV 4043: 0.010033308 sec 
RV 4044: 0.008406907 sec 
RV 4045: 0.011642624 sec 
RV 4046: 0.010823449 sec 
RV 4047: 0.009333758 sec 
RV 4048: 0.008259272 sec 
remove Vertex average time : 0.0108477093

RE 4039 100: 1.2764E-5 sec 
RE 4039 300: 1.919E-6 sec 
RE 4039 1405: 8.86E-7 sec 
RE 4039 1500: 9.9E-7 sec 
RE 4040 188: 9.32E-7 sec 
RE 4040 280: 8.92E-7 sec 
RE 4040 150: 9.62E-7 sec 
RE 4040 320: 7.95E-7 sec 
RE 4042 4040: 7.85E-7 sec 
RE 4041 1864: 6.76E-7 sec 
remove edge average time : 2.1601E-6

