AV 4039: 0.611545039 sec 
AV 4040: 0.596927235 sec 
AV 4041: 0.604850551 sec 
AV 4042: 0.594582621 sec 
AV 4043: 0.59063949 sec 
AV 4044: 0.59625319 sec 
AV 4045: 0.597765189 sec 
AV 4046: 0.591365085 sec 
AV 4047: 0.589227489 sec 
AV 4048: 0.597142274 sec 
Add Vertex average time : 0.5970298163

AE 4039 100: 0.586967975 sec 
AE 4039 300: 0.581015828 sec 
AE 4039 1405: 0.594093456 sec 
AE 4039 1500: 0.620254395 sec 
AE 4040 188: 0.602093663 sec 
AE 4040 280: 0.610038887 sec 
AE 4040 150: 0.604569761 sec 
AE 4040 320: 0.626360032 sec 
AE 4042 4040: 0.598326744 sec 
AE 4041 1864: 0.597083045 sec 
Add Edge average time : 0.6020803786

N 100: 0.075300864 sec 
N 500: 0.373169165 sec 
N 600: 0.123310471 sec 
N 700: 0.028465513 sec 
N 1300: 0.125413392 sec 
N 450: 0.088860573 sec 
N 900: 0.054343167 sec 
N 345: 0.065169352 sec 
N 650: 0.088842284 sec 
N 444: 0.191865392 sec 
neighbour average time : 0.1214740173

S 4039 4040: 51.108863199 sec 
S 1300 100: 269.265522632 sec 
S 450 650: 267.74720869 sec 
S 60 1243: 112.171490463 sec 
S 111 55: 5.303641047 sec 
S 123 542: 327.972450948 sec 
S 505 232: 289.074406342 sec 
S 222 1299: 123.660085754 sec 
S 773 1100: 251.012425452 sec 
S 1000 20: 242.161092122 sec 
shortest path average time : 193.9477186649

RV 4039: 23.344350672 sec 
RV 4040: 24.356898138 sec 
RV 4041: 24.140899044 sec 
RV 4042: 23.550229807 sec 
RV 4043: 23.193519314 sec 
RV 4044: 23.208712957 sec 
RV 4045: 23.189879122 sec 
RV 4046: 23.23334628 sec 
RV 4047: 23.038686891 sec 
RV 4048: 23.167839833 sec 
remove Vertex average time : 23.4424362058

RE 4039 100: 0.801737925 sec 
RE 4039 300: 0.656569326 sec 
RE 4039 1405: 0.775455234 sec 
RE 4039 1500: 0.772363346 sec 
RE 4040 188: 0.768107936 sec 
RE 4040 280: 0.771778178 sec 
RE 4040 150: 0.755200925 sec 
RE 4040 320: 0.754080995 sec 
RE 4042 4040: 0.607697544 sec 
RE 4041 1864: 0.62559781 sec 
remove edge average time : 0.7288589219

