AV 4039: 0.110564274 sec 
AV 4040: 0.105290948 sec 
AV 4041: 0.105851428 sec 
AV 4042: 0.114815981 sec 
AV 4043: 0.119903582 sec 
AV 4044: 0.110140181 sec 
AV 4045: 0.108815108 sec 
AV 4046: 0.111042413 sec 
AV 4047: 0.124868082 sec 
AV 4048: 0.110559681 sec 
Add Vertex average time : 0.11218516780000001

AE 4039 100: 1.953E-6 sec 
AE 4039 300: 1.386E-6 sec 
AE 4039 1405: 6.89E-7 sec 
AE 4039 1500: 5.05E-7 sec 
AE 4040 188: 5.37E-7 sec 
AE 4040 280: 6.0E-7 sec 
AE 4040 150: 7.12E-7 sec 
AE 4040 320: 5.96E-7 sec 
AE 4042 4040: 4.38E-7 sec 
AE 4041 1864: 5.72E-7 sec 
Add Edge average time : 7.988000000000001E-7

N 100: 0.0037787 sec 
N 500: 0.006459773 sec 
N 600: 0.00184753 sec 
N 700: 6.73491E-4 sec 
N 1300: 0.003195951 sec 
N 450: 0.001452406 sec 
N 900: 0.001388309 sec 
N 345: 7.81224E-4 sec 
N 650: 0.001309562 sec 
N 444: 0.001834029 sec 
neighbour average time : 0.0022720975

S 4039 4040: 0.130037477 sec 
S 1300 100: 0.584416421 sec 
S 450 650: 0.536280369 sec 
S 60 1243: 0.232547752 sec 
S 111 55: 0.007449363 sec 
S 123 542: 0.648714904 sec 
S 505 232: 0.604562198 sec 
S 222 1299: 0.278809857 sec 
S 773 1100: 0.230279975 sec 
S 1000 20: 0.50117548 sec 
shortest path average time : 0.37542737960000006

RV 4039: 0.036133094 sec 
RV 4040: 0.039407449 sec 
RV 4041: 0.021106801 sec 
RV 4042: 0.038001296 sec 
RV 4043: 0.03333059 sec 
RV 4044: 0.033643127 sec 
RV 4045: 0.038334749 sec 
RV 4046: 0.039904105 sec 
RV 4047: 0.029263492 sec 
RV 4048: 0.033580296 sec 
remove Vertex average time : 0.0342704999

RE 4039 100: 1.4127E-5 sec 
RE 4039 300: 1.731E-6 sec 
RE 4039 1405: 1.031E-6 sec 
RE 4039 1500: 1.055E-6 sec 
RE 4040 188: 9.93E-7 sec 
RE 4040 280: 9.0E-7 sec 
RE 4040 150: 8.69E-7 sec 
RE 4040 320: 8.84E-7 sec 
RE 4042 4040: 7.89E-7 sec 
RE 4041 1864: 7.53E-7 sec 
remove edge average time : 2.3132E-6

