AV 4039: 0.409116887 sec 
AV 4040: 0.471566916 sec 
AV 4041: 0.359131825 sec 
AV 4042: 0.355026347 sec 
AV 4043: 0.286259388 sec 
AV 4044: 0.32083166 sec 
AV 4045: 0.596967366 sec 
AV 4046: 0.276905685 sec 
AV 4047: 0.401024449 sec 
AV 4048: 0.401543603 sec 
Add Vertex average time : 0.3878374126

AE 4039 100: 0.415726558 sec 
AE 4039 300: 0.496421571 sec 
AE 4039 1405: 0.344884918 sec 
AE 4039 1500: 0.318724775 sec 
AE 4040 188: 0.289652052 sec 
AE 4040 280: 0.298206023 sec 
AE 4040 150: 0.288529227 sec 
AE 4040 320: 0.295342716 sec 
AE 4042 4040: 0.579284886 sec 
AE 4041 1864: 0.268631967 sec 
Add Edge average time : 0.35954046930000005

N 100: 0.062634399 sec 
N 500: 0.334796932 sec 
N 600: 0.112251744 sec 
N 700: 0.024582943 sec 
N 1300: 0.109353654 sec 
N 450: 0.076812486 sec 
N 900: 0.044020559 sec 
N 345: 0.053558699 sec 
N 650: 0.073668656 sec 
N 444: 0.158441419 sec 
neighbour average time : 0.10501214910000001

S 4039 4040: 39.683888257 sec 
S 1300 100: 240.196800959 sec 
S 450 650: 221.360761803 sec 
S 60 1243: 91.257645473 sec 
S 111 55: 4.319933688 sec 
S 123 542: 333.126989781 sec 
S 505 232: 248.550507504 sec 
S 222 1299: 102.327298901 sec 
S 773 1100: 77.402504647 sec 
S 1000 20: 202.307114534 sec 
shortest path average time : 156.0533445547

RV 4039: 15.152747572 sec 
RV 4040: 15.055052977 sec 
RV 4041: 15.996487076 sec 
RV 4042: 15.724806654 sec 
RV 4043: 16.181237819 sec 
RV 4044: 15.460427876 sec 
RV 4045: 15.344047841 sec 
RV 4046: 15.127727762 sec 
RV 4047: 15.438669276 sec 
RV 4048: 16.008442208 sec 
remove Vertex average time : 15.5489647061

RE 4039 100: 0.444087733 sec 
RE 4039 300: 0.358652825 sec 
RE 4039 1405: 0.539180265 sec 
RE 4039 1500: 0.531253927 sec 
RE 4040 188: 0.525660764 sec 
RE 4040 280: 0.580334201 sec 
RE 4040 150: 0.437899343 sec 
RE 4040 320: 0.489063117 sec 
RE 4042 4040: 0.40493704 sec 
RE 4041 1864: 0.435156289 sec 
remove edge average time : 0.4746225504

