AV 4039: 0.11404147 sec 
AV 4040: 0.112344318 sec 
AV 4041: 0.118366443 sec 
AV 4042: 0.121325491 sec 
AV 4043: 0.101994685 sec 
AV 4044: 0.106672416 sec 
AV 4045: 0.108789982 sec 
AV 4046: 0.108706224 sec 
AV 4047: 0.10195067 sec 
AV 4048: 0.106469138 sec 
Add Vertex average time : 0.1100660837

AE 4039 100: 1.827E-6 sec 
AE 4039 300: 1.314E-6 sec 
AE 4039 1405: 6.2E-7 sec 
AE 4039 1500: 5.29E-7 sec 
AE 4040 188: 8.58E-7 sec 
AE 4040 280: 6.59E-7 sec 
AE 4040 150: 6.06E-7 sec 
AE 4040 320: 4.22E-7 sec 
AE 4042 4040: 5.96E-7 sec 
AE 4041 1864: 9.87E-7 sec 
Add Edge average time : 8.417999999999999E-7

N 100: 0.002388312 sec 
N 500: 0.00555847 sec 
N 600: 0.001344216 sec 
N 700: 4.85663E-4 sec 
N 1300: 0.002545708 sec 
N 450: 0.001230046 sec 
N 900: 0.00139538 sec 
N 345: 0.001118809 sec 
N 650: 0.002300139 sec 
N 444: 0.003238323 sec 
neighbour average time : 0.0021605065999999997

S 4039 4040: 0.023561872 sec 
S 1300 100: 0.070171265 sec 
S 450 650: 0.039886834 sec 
S 60 1243: 0.015000556 sec 
S 111 55: 1.28221E-4 sec 
S 123 542: 0.044145208 sec 
S 505 232: 0.06296017 sec 
S 222 1299: 0.012277481 sec 
S 773 1100: 0.050381554 sec 
S 1000 20: 0.012580367 sec 
shortest path average time : 0.0331093528

RV 4039: 0.034087088 sec 
RV 4040: 0.028133953 sec 
RV 4041: 0.021085719 sec 
RV 4042: 0.028020264 sec 
RV 4043: 0.028086738 sec 
RV 4044: 0.029802342 sec 
RV 4045: 0.029930835 sec 
RV 4046: 0.037845009 sec 
RV 4047: 0.023903404 sec 
RV 4048: 0.031266796 sec 
remove Vertex average time : 0.0292162148

RE 4039 100: 1.1801E-5 sec 
RE 4039 300: 1.743E-6 sec 
RE 4039 1405: 1.284E-6 sec 
RE 4039 1500: 9.02E-7 sec 
RE 4040 188: 1.104E-6 sec 
RE 4040 280: 9.01E-7 sec 
RE 4040 150: 8.17E-7 sec 
RE 4040 320: 9.49E-7 sec 
RE 4042 4040: 8.47E-7 sec 
RE 4041 1864: 1.854E-6 sec 
remove edge average time : 2.2202000000000004E-6

