AV 4039: 0.03282564 sec 
AV 4040: 0.031159337 sec 
AV 4041: 0.03075798 sec 
AV 4042: 0.031228668 sec 
AV 4043: 0.03138923 sec 
AV 4044: 0.034321329 sec 
AV 4045: 0.03226493 sec 
AV 4046: 0.03718997 sec 
AV 4047: 0.031184182 sec 
AV 4048: 0.036044911 sec 
Add Vertex average time : 0.0328366177

AE 4039 100: 1.773E-6 sec 
AE 4039 300: 1.489E-6 sec 
AE 4039 1405: 6.42E-7 sec 
AE 4039 1500: 5.91E-7 sec 
AE 4040 188: 6.37E-7 sec 
AE 4040 280: 8.92E-7 sec 
AE 4040 150: 6.26E-7 sec 
AE 4040 320: 4.46E-7 sec 
AE 4042 4040: 3.75E-7 sec 
AE 4041 1864: 5.72E-7 sec 
Add Edge average time : 8.043000000000001E-7

N 100: 0.002120191 sec 
N 500: 0.008423573 sec 
N 600: 0.001483295 sec 
N 700: 4.15286E-4 sec 
N 1300: 0.002760706 sec 
N 450: 0.001448407 sec 
N 900: 7.31018E-4 sec 
N 345: 8.12256E-4 sec 
N 650: 8.9822E-4 sec 
N 444: 0.003251985 sec 
neighbour average time : 0.0022344937000000004

S 4039 4040: 0.028767551 sec 
S 1300 100: 0.032315584 sec 
S 450 650: 0.018142234 sec 
S 60 1243: 0.01329117 sec 
S 111 55: 1.12498E-4 sec 
S 123 542: 0.041921322 sec 
S 505 232: 0.05520774 sec 
S 222 1299: 0.010349378 sec 
S 773 1100: 0.013373257 sec 
S 1000 20: 0.009758442 sec 
shortest path average time : 0.0223239176

RV 4039: 0.016312696 sec 
RV 4040: 0.013849436 sec 
RV 4041: 0.007863847 sec 
RV 4042: 0.007875407 sec 
RV 4043: 0.007856475 sec 
RV 4044: 0.007938921 sec 
RV 4045: 0.007869146 sec 
RV 4046: 0.007883439 sec 
RV 4047: 0.007839081 sec 
RV 4048: 0.011488312 sec 
remove Vertex average time : 0.009677676

RE 4039 100: 1.1443E-5 sec 
RE 4039 300: 2.31E-6 sec 
RE 4039 1405: 1.348E-6 sec 
RE 4039 1500: 1.148E-6 sec 
RE 4040 188: 1.148E-6 sec 
RE 4040 280: 1.138E-6 sec 
RE 4040 150: 1.192E-6 sec 
RE 4040 320: 1.02E-6 sec 
RE 4042 4040: 9.77E-7 sec 
RE 4041 1864: 1.253E-6 sec 
remove edge average time : 2.2977E-6

