AV 4039: 0.153897574 sec 
AV 4040: 0.15126594 sec 
AV 4041: 0.148169914 sec 
AV 4042: 0.146547797 sec 
AV 4043: 0.145218073 sec 
AV 4044: 0.161265779 sec 
AV 4045: 0.153817571 sec 
AV 4046: 0.146351094 sec 
AV 4047: 0.143023788 sec 
AV 4048: 0.147864588 sec 
Add Vertex average time : 0.1497422118

AE 4039 100: 2.377E-6 sec 
AE 4039 300: 1.267E-6 sec 
AE 4039 1405: 6.93E-7 sec 
AE 4039 1500: 7.24E-7 sec 
AE 4040 188: 6.55E-7 sec 
AE 4040 280: 5.29E-7 sec 
AE 4040 150: 5.77E-7 sec 
AE 4040 320: 4.84E-7 sec 
AE 4042 4040: 4.54E-7 sec 
AE 4041 1864: 7.04E-7 sec 
Add Edge average time : 8.463999999999998E-7

N 100: 0.002879491 sec 
N 500: 0.007156174 sec 
N 600: 0.002449892 sec 
N 700: 9.7013E-4 sec 
N 1300: 0.002952645 sec 
N 450: 0.001182507 sec 
N 900: 0.001286904 sec 
N 345: 8.60806E-4 sec 
N 650: 0.002124745 sec 
N 444: 0.003431793 sec 
neighbour average time : 0.0025295086999999996

S 4039 4040: 0.023896568 sec 
S 1300 100: 0.074017702 sec 
S 450 650: 0.043621912 sec 
S 60 1243: 0.015204676 sec 
S 111 55: 9.5799E-5 sec 
S 123 542: 0.050966633 sec 
S 505 232: 0.072085299 sec 
S 222 1299: 0.01386731 sec 
S 773 1100: 0.152298936 sec 
S 1000 20: 0.013896457 sec 
shortest path average time : 0.0459951292

RV 4039: 0.054669975 sec 
RV 4040: 0.038066003 sec 
RV 4041: 0.029019266 sec 
RV 4042: 0.03811086 sec 
RV 4043: 0.039592276 sec 
RV 4044: 0.055214722 sec 
RV 4045: 0.040017997 sec 
RV 4046: 0.038252855 sec 
RV 4047: 0.028984946 sec 
RV 4048: 0.040847958 sec 
remove Vertex average time : 0.040277685800000004

RE 4039 100: 1.236E-5 sec 
RE 4039 300: 2.135E-6 sec 
RE 4039 1405: 1.423E-6 sec 
RE 4039 1500: 1.233E-6 sec 
RE 4040 188: 1.343E-6 sec 
RE 4040 280: 1.247E-6 sec 
RE 4040 150: 1.216E-6 sec 
RE 4040 320: 1.381E-6 sec 
RE 4042 4040: 1.178E-6 sec 
RE 4041 1864: 1.314E-6 sec 
remove edge average time : 2.483E-6

