AV 4039: 0.166090143 sec 
AV 4040: 0.158751661 sec 
AV 4041: 0.15077273 sec 
AV 4042: 0.151445712 sec 
AV 4043: 0.175896981 sec 
AV 4044: 0.164128656 sec 
AV 4045: 0.152841304 sec 
AV 4046: 0.153411081 sec 
AV 4047: 0.180789601 sec 
AV 4048: 0.157041696 sec 
Add Vertex average time : 0.16111695650000002

AE 4039 100: 2.213E-6 sec 
AE 4039 300: 1.758E-6 sec 
AE 4039 1405: 6.77E-7 sec 
AE 4039 1500: 6.41E-7 sec 
AE 4040 188: 7.5E-7 sec 
AE 4040 280: 5.59E-7 sec 
AE 4040 150: 5.55E-7 sec 
AE 4040 320: 5.54E-7 sec 
AE 4042 4040: 5.55E-7 sec 
AE 4041 1864: 7.3E-7 sec 
Add Edge average time : 8.992000000000001E-7

N 100: 0.002622793 sec 
N 500: 0.007004695 sec 
N 600: 0.002453178 sec 
N 700: 0.001558823 sec 
N 1300: 0.003572701 sec 
N 450: 9.85378E-4 sec 
N 900: 0.001329487 sec 
N 345: 9.70714E-4 sec 
N 650: 0.001729566 sec 
N 444: 0.002522028 sec 
neighbour average time : 0.0024749363

S 4039 4040: 0.02872898 sec 
S 1300 100: 0.082563005 sec 
S 450 650: 0.033907427 sec 
S 60 1243: 0.016076942 sec 
S 111 55: 1.28759E-4 sec 
S 123 542: 0.05775875 sec 
S 505 232: 0.087671191 sec 
S 222 1299: 0.016232342 sec 
S 773 1100: 0.160116034 sec 
S 1000 20: 0.015880682 sec 
shortest path average time : 0.049906411199999993

RV 4039: 0.049563745 sec 
RV 4040: 0.055577986 sec 
RV 4041: 0.032178261 sec 
RV 4042: 0.047200688 sec 
RV 4043: 0.057761182 sec 
RV 4044: 0.046124613 sec 
RV 4045: 0.053118069 sec 
RV 4046: 0.061846064 sec 
RV 4047: 0.046273175 sec 
RV 4048: 0.050538904 sec 
remove Vertex average time : 0.0500182687

RE 4039 100: 8.55E-6 sec 
RE 4039 300: 1.608E-6 sec 
RE 4039 1405: 9.6E-7 sec 
RE 4039 1500: 8.19E-7 sec 
RE 4040 188: 8.71E-7 sec 
RE 4040 280: 8.33E-7 sec 
RE 4040 150: 9.33E-7 sec 
RE 4040 320: 7.85E-7 sec 
RE 4042 4040: 7.28E-7 sec 
RE 4041 1864: 9.93E-7 sec 
remove edge average time : 1.708E-6

